> Task :app:preBuild UP-TO-DATE
> Task :app:preDebugBuild UP-TO-DATE
> Task :app:mergeDebugNativeDebugMetadata NO-SOURCE
> Task :app:checkKotlinGradlePluginConfigurationErrors SKIPPED
> Task :app:dataBindingMergeDependencyArtifactsDebug UP-TO-DATE
> Task :app:generateDebugResValues UP-TO-DATE
> Task :app:generateDebugResources
> Task :app:mergeDebugResources
> Task :app:packageDebugResources
> Task :app:processDebugNavigationResources
> Task :app:checkDebugAarMetadata UP-TO-DATE
> Task :app:compileDebugNavigationResources UP-TO-DATE
> Task :app:mapDebugSourceSetPaths
> Task :app:createDebugCompatibleScreenManifests UP-TO-DATE
> Task :app:extractDeepLinksDebug UP-TO-DATE
> Task :app:parseDebugLocalResources
> Task :app:processDebugMainManifest
> Task :app:dataBindingGenBaseClassesDebug
> Task :app:processDebugManifest
> Task :app:javaPreCompileDebug UP-TO-DATE
> Task :app:mergeDebugShaders UP-TO-DATE
> Task :app:compileDebugShaders NO-SOURCE
> Task :app:generateDebugAssets UP-TO-DATE
> Task :app:mergeDebugAssets UP-TO-DATE
> Task :app:compressDebugAssets UP-TO-DATE
> Task :app:checkDebugDuplicateClasses UP-TO-DATE
> Task :app:desugarDebugFileDependencies UP-TO-DATE
> Task :app:mergeExtDexDebug UP-TO-DATE
> Task :app:mergeLibDexDebug UP-TO-DATE
> Task :app:mergeDebugJniLibFolders UP-TO-DATE
> Task :app:mergeDebugNativeLibs NO-SOURCE
> Task :app:stripDebugDebugSymbols NO-SOURCE
> Task :app:validateSigningDebug UP-TO-DATE
> Task :app:writeDebugAppMetadata UP-TO-DATE
> Task :app:writeDebugSigningConfigVersions UP-TO-DATE
> Task :app:processDebugManifestForPackage
> Task :app:processDebugResources

> Task :app:compileDebugKotlin FAILED
e: file:///D:/mqttgoogleplaypj/codetest/MqttPanelCraftV2/MqttPanelCraft/app/src/main/java/com/example/mqttpanelcraft/ProjectViewActivity.kt:180:39 Unresolved reference 'hide'.
e: file:///D:/mqttgoogleplaypj/codetest/MqttPanelCraftV2/MqttPanelCraft/app/src/main/java/com/example/mqttpanelcraft/ProjectViewActivity.kt:498:31 Unresolved reference 'hide'.
e: file:///D:/mqttgoogleplaypj/codetest/MqttPanelCraftV2/MqttPanelCraft/app/src/main/java/com/example/mqttpanelcraft/ui/PropertiesSheetManager.kt:228:51 Unresolved reference 'colorInt'.
e: file:///D:/mqttgoogleplaypj/codetest/MqttPanelCraftV2/MqttPanelCraft/app/src/main/java/com/example/mqttpanelcraft/ui/PropertiesSheetManager.kt:229:14 Syntax error: Expecting 'catch' or 'finally'.
e: file:///D:/mqttgoogleplaypj/codetest/MqttPanelCraftV2/MqttPanelCraft/app/src/main/java/com/example/mqttpanelcraft/ui/PropertiesSheetManager.kt:231:32 Unresolved reference 'colorHex'.
e: file:///D:/mqttgoogleplaypj/codetest/MqttPanelCraftV2/MqttPanelCraft/app/src/main/java/com/example/mqttpanelcraft/ui/PropertiesSheetManager.kt:252:11 Syntax error: Expecting member declaration.
e: file:///D:/mqttgoogleplaypj/codetest/MqttPanelCraftV2/MqttPanelCraft/app/src/main/java/com/example/mqttpanelcraft/ui/PropertiesSheetManager.kt:252:17 Syntax error: Expecting member declaration.
e: file:///D:/mqttgoogleplaypj/codetest/MqttPanelCraftV2/MqttPanelCraft/app/src/main/java/com/example/mqttpanelcraft/ui/PropertiesSheetManager.kt:252:18 Syntax error: Expecting member declaration.
e: file:///D:/mqttgoogleplaypj/codetest/MqttPanelCraftV2/MqttPanelCraft/app/src/main/java/com/example/mqttpanelcraft/ui/PropertiesSheetManager.kt:252:19 Syntax error: Expecting member declaration.
e: file:///D:/mqttgoogleplaypj/codetest/MqttPanelCraftV2/MqttPanelCraft/app/src/main/java/com/example/mqttpanelcraft/ui/PropertiesSheetManager.kt:252:21 Syntax error: Expecting member declaration.
e: file:///D:/mqttgoogleplaypj/codetest/MqttPanelCraftV2/MqttPanelCraft/app/src/main/java/com/example/mqttpanelcraft/ui/PropertiesSheetManager.kt:252:30 Syntax error: Expecting member declaration.
e: file:///D:/mqttgoogleplaypj/codetest/MqttPanelCraftV2/MqttPanelCraft/app/src/main/java/com/example/mqttpanelcraft/ui/PropertiesSheetManager.kt:252:32 Syntax error: Expecting member declaration.
e: file:///D:/mqttgoogleplaypj/codetest/MqttPanelCraftV2/MqttPanelCraft/app/src/main/java/com/example/mqttpanelcraft/ui/PropertiesSheetManager.kt:252:32 Function declaration must have a name.
e: file:///D:/mqttgoogleplaypj/codetest/MqttPanelCraftV2/MqttPanelCraft/app/src/main/java/com/example/mqttpanelcraft/ui/PropertiesSheetManager.kt:253:13 Unresolved reference 'e'.
e: file:///D:/mqttgoogleplaypj/codetest/MqttPanelCraftV2/MqttPanelCraft/app/src/main/java/com/example/mqttpanelcraft/ui/PropertiesSheetManager.kt:254:11 Syntax error: Expecting member declaration.
e: file:///D:/mqttgoogleplaypj/codetest/MqttPanelCraftV2/MqttPanelCraft/app/src/main/java/com/example/mqttpanelcraft/ui/PropertiesSheetManager.kt:254:19 Syntax error: Expecting member declaration.
e: file:///D:/mqttgoogleplaypj/codetest/MqttPanelCraftV2/MqttPanelCraft/app/src/main/java/com/example/mqttpanelcraft/ui/PropertiesSheetManager.kt:254:19 Function declaration must have a name.
e: file:///D:/mqttgoogleplaypj/codetest/MqttPanelCraftV2/MqttPanelCraft/app/src/main/java/com/example/mqttpanelcraft/ui/PropertiesSheetManager.kt:258:9 Syntax error: Expecting member declaration.
e: file:///D:/mqttgoogleplaypj/codetest/MqttPanelCraftV2/MqttPanelCraft/app/src/main/java/com/example/mqttpanelcraft/ui/PropertiesSheetManager.kt:258:26 Syntax error: Expecting member declaration.
e: file:///D:/mqttgoogleplaypj/codetest/MqttPanelCraftV2/MqttPanelCraft/app/src/main/java/com/example/mqttpanelcraft/ui/PropertiesSheetManager.kt:258:27 Syntax error: Expecting member declaration.
e: file:///D:/mqttgoogleplaypj/codetest/MqttPanelCraftV2/MqttPanelCraft/app/src/main/java/com/example/mqttpanelcraft/ui/PropertiesSheetManager.kt:258:38 Syntax error: Expecting member declaration.
e: file:///D:/mqttgoogleplaypj/codetest/MqttPanelCraftV2/MqttPanelCraft/app/src/main/java/com/example/mqttpanelcraft/ui/PropertiesSheetManager.kt:258:40 Syntax error: Expecting member declaration.
e: file:///D:/mqttgoogleplaypj/codetest/MqttPanelCraftV2/MqttPanelCraft/app/src/main/java/com/example/mqttpanelcraft/ui/PropertiesSheetManager.kt:258:44 Syntax error: Expecting member declaration.
e: file:///D:/mqttgoogleplaypj/codetest/MqttPanelCraftV2/MqttPanelCraft/app/src/main/java/com/example/mqttpanelcraft/ui/PropertiesSheetManager.kt:258:45 Syntax error: Expecting member declaration.
e: file:///D:/mqttgoogleplaypj/codetest/MqttPanelCraftV2/MqttPanelCraft/app/src/main/java/com/example/mqttpanelcraft/ui/PropertiesSheetManager.kt:259:9 Syntax error: Expecting member declaration.
e: file:///D:/mqttgoogleplaypj/codetest/MqttPanelCraftV2/MqttPanelCraft/app/src/main/java/com/example/mqttpanelcraft/ui/PropertiesSheetManager.kt:259:31 Syntax error: Expecting member declaration.
e: file:///D:/mqttgoogleplaypj/codetest/MqttPanelCraftV2/MqttPanelCraft/app/src/main/java/com/example/mqttpanelcraft/ui/PropertiesSheetManager.kt:259:32 Syntax error: Expecting member declaration.
e: file:///D:/mqttgoogleplaypj/codetest/MqttPanelCraftV2/MqttPanelCraft/app/src/main/java/com/example/mqttpanelcraft/ui/PropertiesSheetManager.kt:260:9 Syntax error: Expecting member declaration.
e: file:///D:/mqttgoogleplaypj/codetest/MqttPanelCraftV2/MqttPanelCraft/app/src/main/java/com/example/mqttpanelcraft/ui/PropertiesSheetManager.kt:260:24 Syntax error: Expecting member declaration.
e: file:///D:/mqttgoogleplaypj/codetest/MqttPanelCraftV2/MqttPanelCraft/app/src/main/java/com/example/mqttpanelcraft/ui/PropertiesSheetManager.kt:260:25 Syntax error: Expecting member declaration.
e: file:///D:/mqttgoogleplaypj/codetest/MqttPanelCraftV2/MqttPanelCraft/app/src/main/java/com/example/mqttpanelcraft/ui/PropertiesSheetManager.kt:267:22 Unresolved reference 'vPropColorPreview'.
e: file:///D:/mqttgoogleplaypj/codetest/MqttPanelCraftV2/MqttPanelCraft/app/src/main/java/com/example/mqttpanelcraft/ui/PropertiesSheetManager.kt:269:27 Unresolved reference 'propertyContainer'.
e: file:///D:/mqttgoogleplaypj/codetest/MqttPanelCraftV2/MqttPanelCraft/app/src/main/java/com/example/mqttpanelcraft/ui/PropertiesSheetManager.kt:272:13 Unresolved reference 'vPropColorPreview'.
e: file:///D:/mqttgoogleplaypj/codetest/MqttPanelCraftV2/MqttPanelCraft/app/src/main/java/com/example/mqttpanelcraft/ui/PropertiesSheetManager.kt:275:13 Unresolved reference 'vPropColorPreview'.
e: file:///D:/mqttgoogleplaypj/codetest/MqttPanelCraftV2/MqttPanelCraft/app/src/main/java/com/example/mqttpanelcraft/ui/PropertiesSheetManager.kt:279:13 Unresolved reference 'vPropColorPreview'.
e: file:///D:/mqttgoogleplaypj/codetest/MqttPanelCraftV2/MqttPanelCraft/app/src/main/java/com/example/mqttpanelcraft/ui/PropertiesSheetManager.kt:286:9 Unresolved reference 'propertyContainer'.
e: file:///D:/mqttgoogleplaypj/codetest/MqttPanelCraftV2/MqttPanelCraft/app/src/main/java/com/example/mqttpanelcraft/ui/PropertiesSheetManager.kt:289:9 Unresolved reference 'currentData'.
e: file:///D:/mqttgoogleplaypj/codetest/MqttPanelCraftV2/MqttPanelCraft/app/src/main/java/com/example/mqttpanelcraft/ui/PropertiesSheetManager.kt:299:29 Unresolved reference 'propertyContainer'.
e: file:///D:/mqttgoogleplaypj/codetest/MqttPanelCraftV2/MqttPanelCraft/app/src/main/java/com/example/mqttpanelcraft/ui/PropertiesSheetManager.kt:316:23 Unresolved reference 'propertyContainer'.
e: file:///D:/mqttgoogleplaypj/codetest/MqttPanelCraftV2/MqttPanelCraft/app/src/main/java/com/example/mqttpanelcraft/ui/PropertiesSheetManager.kt:382:21 Unresolved reference 'vPropColorPreview'.
e: file:///D:/mqttgoogleplaypj/codetest/MqttPanelCraftV2/MqttPanelCraft/app/src/main/java/com/example/mqttpanelcraft/ui/PropertiesSheetManager.kt:410:13 Unresolved reference 'saveCurrentProps'.
e: file:///D:/mqttgoogleplaypj/codetest/MqttPanelCraftV2/MqttPanelCraft/app/src/main/java/com/example/mqttpanelcraft/ui/PropertiesSheetManager.kt:451:29 Unresolved reference 'saveCurrentProps'.
e: file:///D:/mqttgoogleplaypj/codetest/MqttPanelCraftV2/MqttPanelCraft/app/src/main/java/com/example/mqttpanelcraft/ui/PropertiesSheetManager.kt:462:27 Unresolved reference 'vPropColorPreview'.
e: file:///D:/mqttgoogleplaypj/codetest/MqttPanelCraftV2/MqttPanelCraft/app/src/main/java/com/example/mqttpanelcraft/ui/PropertiesSheetManager.kt:476:36 Unresolved reference 'vPropColorPreview'.
e: file:///D:/mqttgoogleplaypj/codetest/MqttPanelCraftV2/MqttPanelCraft/app/src/main/java/com/example/mqttpanelcraft/ui/PropertiesSheetManager.kt:478:1 Syntax error: Expecting a top level declaration.

FAILURE: Build failed with an exception.

* What went wrong:
Execution failed for task ':app:compileDebugKotlin'.
> A failure occurred while executing org.jetbrains.kotlin.compilerRunner.GradleCompilerRunnerWithWorkers$GradleKotlinCompilerWorkAction
   > Compilation error. See log for more details

* Try:
> Run with --stacktrace option to get the stack trace.
> Run with --info or --debug option to get more log output.
> Run with --scan to get full insights.
> Get more help at https://help.gradle.org.

BUILD FAILED in 4s
30 actionable tasks: 12 executed, 18 up-to-date
