> Task :app:preBuild UP-TO-DATE
> Task :app:preDebugBuild UP-TO-DATE
> Task :app:mergeDebugNativeDebugMetadata NO-SOURCE
> Task :app:checkKotlinGradlePluginConfigurationErrors SKIPPED
> Task :app:dataBindingMergeDependencyArtifactsDebug UP-TO-DATE
> Task :app:generateDebugResValues UP-TO-DATE
> Task :app:generateDebugResources UP-TO-DATE
> Task :app:mergeDebugResources UP-TO-DATE
> Task :app:packageDebugResources UP-TO-DATE
> Task :app:processDebugNavigationResources UP-TO-DATE
> Task :app:parseDebugLocalResources UP-TO-DATE
> Task :app:dataBindingGenBaseClassesDebug UP-TO-DATE
> Task :app:checkDebugAarMetadata UP-TO-DATE
> Task :app:compileDebugNavigationResources UP-TO-DATE
> Task :app:mapDebugSourceSetPaths UP-TO-DATE
> Task :app:createDebugCompatibleScreenManifests UP-TO-DATE
> Task :app:extractDeepLinksDebug UP-TO-DATE
> Task :app:processDebugMainManifest UP-TO-DATE
> Task :app:processDebugManifest UP-TO-DATE
> Task :app:processDebugManifestForPackage UP-TO-DATE
> Task :app:processDebugResources UP-TO-DATE
> Task :app:javaPreCompileDebug UP-TO-DATE
> Task :app:mergeDebugShaders UP-TO-DATE
> Task :app:compileDebugShaders NO-SOURCE
> Task :app:generateDebugAssets UP-TO-DATE
> Task :app:mergeDebugAssets UP-TO-DATE
> Task :app:compressDebugAssets UP-TO-DATE
> Task :app:checkDebugDuplicateClasses UP-TO-DATE
> Task :app:desugarDebugFileDependencies UP-TO-DATE
> Task :app:mergeExtDexDebug UP-TO-DATE
> Task :app:mergeLibDexDebug UP-TO-DATE
> Task :app:mergeDebugJniLibFolders UP-TO-DATE
> Task :app:mergeDebugNativeLibs NO-SOURCE
> Task :app:stripDebugDebugSymbols NO-SOURCE
> Task :app:validateSigningDebug UP-TO-DATE
> Task :app:writeDebugAppMetadata UP-TO-DATE
> Task :app:writeDebugSigningConfigVersions UP-TO-DATE

> Task :app:compileDebugKotlin FAILED
e: file:///D:/mqttgoogleplaypj/codetest/MqttPanelCraftV2/MqttPanelCraft/app/src/main/java/com/example/mqttpanelcraft/ProjectViewActivity.kt:180:39 Unresolved reference 'hide'.
e: file:///D:/mqttgoogleplaypj/codetest/MqttPanelCraftV2/MqttPanelCraft/app/src/main/java/com/example/mqttpanelcraft/ProjectViewActivity.kt:501:31 Unresolved reference 'hide'.
e: file:///D:/mqttgoogleplaypj/codetest/MqttPanelCraftV2/MqttPanelCraft/app/src/main/java/com/example/mqttpanelcraft/ui/PropertiesSheetManager.kt:228:14 Syntax error: Expecting 'catch' or 'finally'.
e: file:///D:/mqttgoogleplaypj/codetest/MqttPanelCraftV2/MqttPanelCraft/app/src/main/java/com/example/mqttpanelcraft/ui/PropertiesSheetManager.kt:230:32 Unresolved reference 'colorHex'.
e: file:///D:/mqttgoogleplaypj/codetest/MqttPanelCraftV2/MqttPanelCraft/app/src/main/java/com/example/mqttpanelcraft/ui/PropertiesSheetManager.kt:251:11 Syntax error: Expecting member declaration.
e: file:///D:/mqttgoogleplaypj/codetest/MqttPanelCraftV2/MqttPanelCraft/app/src/main/java/com/example/mqttpanelcraft/ui/PropertiesSheetManager.kt:251:17 Syntax error: Expecting member declaration.
e: file:///D:/mqttgoogleplaypj/codetest/MqttPanelCraftV2/MqttPanelCraft/app/src/main/java/com/example/mqttpanelcraft/ui/PropertiesSheetManager.kt:251:18 Syntax error: Expecting member declaration.
e: file:///D:/mqttgoogleplaypj/codetest/MqttPanelCraftV2/MqttPanelCraft/app/src/main/java/com/example/mqttpanelcraft/ui/PropertiesSheetManager.kt:251:19 Syntax error: Expecting member declaration.
e: file:///D:/mqttgoogleplaypj/codetest/MqttPanelCraftV2/MqttPanelCraft/app/src/main/java/com/example/mqttpanelcraft/ui/PropertiesSheetManager.kt:251:21 Syntax error: Expecting member declaration.
e: file:///D:/mqttgoogleplaypj/codetest/MqttPanelCraftV2/MqttPanelCraft/app/src/main/java/com/example/mqttpanelcraft/ui/PropertiesSheetManager.kt:251:30 Syntax error: Expecting member declaration.
e: file:///D:/mqttgoogleplaypj/codetest/MqttPanelCraftV2/MqttPanelCraft/app/src/main/java/com/example/mqttpanelcraft/ui/PropertiesSheetManager.kt:251:32 Syntax error: Expecting member declaration.
e: file:///D:/mqttgoogleplaypj/codetest/MqttPanelCraftV2/MqttPanelCraft/app/src/main/java/com/example/mqttpanelcraft/ui/PropertiesSheetManager.kt:251:32 Function declaration must have a name.
e: file:///D:/mqttgoogleplaypj/codetest/MqttPanelCraftV2/MqttPanelCraft/app/src/main/java/com/example/mqttpanelcraft/ui/PropertiesSheetManager.kt:252:13 Unresolved reference 'e'.
e: file:///D:/mqttgoogleplaypj/codetest/MqttPanelCraftV2/MqttPanelCraft/app/src/main/java/com/example/mqttpanelcraft/ui/PropertiesSheetManager.kt:253:11 Syntax error: Expecting member declaration.
e: file:///D:/mqttgoogleplaypj/codetest/MqttPanelCraftV2/MqttPanelCraft/app/src/main/java/com/example/mqttpanelcraft/ui/PropertiesSheetManager.kt:253:19 Syntax error: Expecting member declaration.
e: file:///D:/mqttgoogleplaypj/codetest/MqttPanelCraftV2/MqttPanelCraft/app/src/main/java/com/example/mqttpanelcraft/ui/PropertiesSheetManager.kt:253:19 Function declaration must have a name.
e: file:///D:/mqttgoogleplaypj/codetest/MqttPanelCraftV2/MqttPanelCraft/app/src/main/java/com/example/mqttpanelcraft/ui/PropertiesSheetManager.kt:257:9 Syntax error: Expecting member declaration.
e: file:///D:/mqttgoogleplaypj/codetest/MqttPanelCraftV2/MqttPanelCraft/app/src/main/java/com/example/mqttpanelcraft/ui/PropertiesSheetManager.kt:257:26 Syntax error: Expecting member declaration.
e: file:///D:/mqttgoogleplaypj/codetest/MqttPanelCraftV2/MqttPanelCraft/app/src/main/java/com/example/mqttpanelcraft/ui/PropertiesSheetManager.kt:257:27 Syntax error: Expecting member declaration.
e: file:///D:/mqttgoogleplaypj/codetest/MqttPanelCraftV2/MqttPanelCraft/app/src/main/java/com/example/mqttpanelcraft/ui/PropertiesSheetManager.kt:257:38 Syntax error: Expecting member declaration.
e: file:///D:/mqttgoogleplaypj/codetest/MqttPanelCraftV2/MqttPanelCraft/app/src/main/java/com/example/mqttpanelcraft/ui/PropertiesSheetManager.kt:257:40 Syntax error: Expecting member declaration.
e: file:///D:/mqttgoogleplaypj/codetest/MqttPanelCraftV2/MqttPanelCraft/app/src/main/java/com/example/mqttpanelcraft/ui/PropertiesSheetManager.kt:257:44 Syntax error: Expecting member declaration.
e: file:///D:/mqttgoogleplaypj/codetest/MqttPanelCraftV2/MqttPanelCraft/app/src/main/java/com/example/mqttpanelcraft/ui/PropertiesSheetManager.kt:257:45 Syntax error: Expecting member declaration.
e: file:///D:/mqttgoogleplaypj/codetest/MqttPanelCraftV2/MqttPanelCraft/app/src/main/java/com/example/mqttpanelcraft/ui/PropertiesSheetManager.kt:258:9 Syntax error: Expecting member declaration.
e: file:///D:/mqttgoogleplaypj/codetest/MqttPanelCraftV2/MqttPanelCraft/app/src/main/java/com/example/mqttpanelcraft/ui/PropertiesSheetManager.kt:258:31 Syntax error: Expecting member declaration.
e: file:///D:/mqttgoogleplaypj/codetest/MqttPanelCraftV2/MqttPanelCraft/app/src/main/java/com/example/mqttpanelcraft/ui/PropertiesSheetManager.kt:258:32 Syntax error: Expecting member declaration.
e: file:///D:/mqttgoogleplaypj/codetest/MqttPanelCraftV2/MqttPanelCraft/app/src/main/java/com/example/mqttpanelcraft/ui/PropertiesSheetManager.kt:259:9 Syntax error: Expecting member declaration.
e: file:///D:/mqttgoogleplaypj/codetest/MqttPanelCraftV2/MqttPanelCraft/app/src/main/java/com/example/mqttpanelcraft/ui/PropertiesSheetManager.kt:259:24 Syntax error: Expecting member declaration.
e: file:///D:/mqttgoogleplaypj/codetest/MqttPanelCraftV2/MqttPanelCraft/app/src/main/java/com/example/mqttpanelcraft/ui/PropertiesSheetManager.kt:259:25 Syntax error: Expecting member declaration.
e: file:///D:/mqttgoogleplaypj/codetest/MqttPanelCraftV2/MqttPanelCraft/app/src/main/java/com/example/mqttpanelcraft/ui/PropertiesSheetManager.kt:266:22 Unresolved reference 'vPropColorPreview'.
e: file:///D:/mqttgoogleplaypj/codetest/MqttPanelCraftV2/MqttPanelCraft/app/src/main/java/com/example/mqttpanelcraft/ui/PropertiesSheetManager.kt:268:27 Unresolved reference 'propertyContainer'.
e: file:///D:/mqttgoogleplaypj/codetest/MqttPanelCraftV2/MqttPanelCraft/app/src/main/java/com/example/mqttpanelcraft/ui/PropertiesSheetManager.kt:271:13 Unresolved reference 'vPropColorPreview'.
e: file:///D:/mqttgoogleplaypj/codetest/MqttPanelCraftV2/MqttPanelCraft/app/src/main/java/com/example/mqttpanelcraft/ui/PropertiesSheetManager.kt:274:13 Unresolved reference 'vPropColorPreview'.
e: file:///D:/mqttgoogleplaypj/codetest/MqttPanelCraftV2/MqttPanelCraft/app/src/main/java/com/example/mqttpanelcraft/ui/PropertiesSheetManager.kt:278:13 Unresolved reference 'vPropColorPreview'.
e: file:///D:/mqttgoogleplaypj/codetest/MqttPanelCraftV2/MqttPanelCraft/app/src/main/java/com/example/mqttpanelcraft/ui/PropertiesSheetManager.kt:285:9 Unresolved reference 'propertyContainer'.
e: file:///D:/mqttgoogleplaypj/codetest/MqttPanelCraftV2/MqttPanelCraft/app/src/main/java/com/example/mqttpanelcraft/ui/PropertiesSheetManager.kt:288:9 Unresolved reference 'currentData'.
e: file:///D:/mqttgoogleplaypj/codetest/MqttPanelCraftV2/MqttPanelCraft/app/src/main/java/com/example/mqttpanelcraft/ui/PropertiesSheetManager.kt:298:29 Unresolved reference 'propertyContainer'.
e: file:///D:/mqttgoogleplaypj/codetest/MqttPanelCraftV2/MqttPanelCraft/app/src/main/java/com/example/mqttpanelcraft/ui/PropertiesSheetManager.kt:315:23 Unresolved reference 'propertyContainer'.
e: file:///D:/mqttgoogleplaypj/codetest/MqttPanelCraftV2/MqttPanelCraft/app/src/main/java/com/example/mqttpanelcraft/ui/PropertiesSheetManager.kt:381:21 Unresolved reference 'vPropColorPreview'.
e: file:///D:/mqttgoogleplaypj/codetest/MqttPanelCraftV2/MqttPanelCraft/app/src/main/java/com/example/mqttpanelcraft/ui/PropertiesSheetManager.kt:409:13 Unresolved reference 'saveCurrentProps'.
e: file:///D:/mqttgoogleplaypj/codetest/MqttPanelCraftV2/MqttPanelCraft/app/src/main/java/com/example/mqttpanelcraft/ui/PropertiesSheetManager.kt:450:29 Unresolved reference 'saveCurrentProps'.
e: file:///D:/mqttgoogleplaypj/codetest/MqttPanelCraftV2/MqttPanelCraft/app/src/main/java/com/example/mqttpanelcraft/ui/PropertiesSheetManager.kt:461:27 Unresolved reference 'vPropColorPreview'.
e: file:///D:/mqttgoogleplaypj/codetest/MqttPanelCraftV2/MqttPanelCraft/app/src/main/java/com/example/mqttpanelcraft/ui/PropertiesSheetManager.kt:475:36 Unresolved reference 'vPropColorPreview'.
e: file:///D:/mqttgoogleplaypj/codetest/MqttPanelCraftV2/MqttPanelCraft/app/src/main/java/com/example/mqttpanelcraft/ui/PropertiesSheetManager.kt:477:1 Syntax error: Expecting a top level declaration.

FAILURE: Build failed with an exception.

* What went wrong:
Execution failed for task ':app:compileDebugKotlin'.
> A failure occurred while executing org.jetbrains.kotlin.compilerRunner.GradleCompilerRunnerWithWorkers$GradleKotlinCompilerWorkAction
   > Compilation error. See log for more details

* Try:
> Run with --stacktrace option to get the stack trace.
> Run with --info or --debug option to get more log output.
> Run with --scan to get full insights.
> Get more help at https://help.gradle.org.

BUILD FAILED in 2s
30 actionable tasks: 1 executed, 29 up-to-date
